########### array before sorts ###########
0	0.000000	140.000000	0.000000	10.000000	n
1	0.000000	10.000000	0.340742	7.411810	n
2	0.340742	7.411810	1.339746	5.000000	n
3	1.339746	5.000000	2.928932	2.928932	n
4	2.928932	2.928932	5.000000	1.339746	n
5	5.000000	1.339746	7.411809	0.340742	n
6	7.411809	0.340742	10.000000	0.000000	n
7	10.000000	0.000000	140.000000	0.000000	n
8	140.000000	0.000000	142.588190	0.340742	n
9	142.588190	0.340742	145.000000	1.339746	n
10	145.000000	1.339746	147.071068	2.928932	n
11	147.071068	2.928932	148.660254	5.000000	n
12	148.660254	5.000000	149.659258	7.411809	n
13	149.659258	7.411809	150.000000	10.000000	n
14	150.000000	10.000000	150.000000	140.000000	n
15	150.000000	140.000000	149.659258	142.588190	n
16	149.659258	142.588190	148.660254	145.000000	n
17	148.660254	145.000000	147.071068	147.071068	n
18	147.071068	147.071068	145.000000	148.660254	n
19	145.000000	148.660254	142.588190	149.659258	n
20	142.588190	149.659258	140.000000	150.000000	n
21	140.000000	150.000000	10.000000	150.000000	n
22	10.000000	150.000000	7.411810	149.659258	n
23	7.411810	149.659258	5.000000	148.660254	n
24	5.000000	148.660254	2.928932	147.071068	n
25	2.928932	147.071068	1.339746	145.000000	n
26	1.339746	145.000000	0.340742	142.588190	n
27	0.340742	142.588190	0.000000	140.000000	n
Tolerance=0.050000.
*Exact match for i=0 and j=1.
*i point 0.000000	140.000000	0.000000	10.000000	y
*Exact match for i=1 and j=2.
*i point 0.000000	10.000000	0.340742	7.411810	y
*Exact match for i=2 and j=3.
*i point 0.340742	7.411810	1.339746	5.000000	y
*Exact match for i=3 and j=4.
*i point 1.339746	5.000000	2.928932	2.928932	y
*Exact match for i=4 and j=5.
*i point 2.928932	2.928932	5.000000	1.339746	y
*Exact match for i=5 and j=6.
*i point 5.000000	1.339746	7.411809	0.340742	y
*Exact match for i=6 and j=7.
*i point 7.411809	0.340742	10.000000	0.000000	y
*Exact match for i=7 and j=8.
*i point 10.000000	0.000000	140.000000	0.000000	y
*Exact match for i=8 and j=9.
*i point 140.000000	0.000000	142.588190	0.340742	y
*Exact match for i=9 and j=10.
*i point 142.588190	0.340742	145.000000	1.339746	y
*Exact match for i=10 and j=11.
*i point 145.000000	1.339746	147.071068	2.928932	y
*Exact match for i=11 and j=12.
*i point 147.071068	2.928932	148.660254	5.000000	y
*Exact match for i=12 and j=13.
*i point 148.660254	5.000000	149.659258	7.411809	y
*Exact match for i=13 and j=14.
*i point 149.659258	7.411809	150.000000	10.000000	y
*Exact match for i=14 and j=15.
*i point 150.000000	10.000000	150.000000	140.000000	y
*Exact match for i=15 and j=16.
*i point 150.000000	140.000000	149.659258	142.588190	y
*Exact match for i=16 and j=17.
*i point 149.659258	142.588190	148.660254	145.000000	y
*Exact match for i=17 and j=18.
*i point 148.660254	145.000000	147.071068	147.071068	y
*Exact match for i=18 and j=19.
*i point 147.071068	147.071068	145.000000	148.660254	y
*Exact match for i=19 and j=20.
*i point 145.000000	148.660254	142.588190	149.659258	y
*Exact match for i=20 and j=21.
*i point 142.588190	149.659258	140.000000	150.000000	y
*Exact match for i=21 and j=22.
*i point 140.000000	150.000000	10.000000	150.000000	y
*Exact match for i=22 and j=23.
*i point 10.000000	150.000000	7.411810	149.659258	y
*Exact match for i=23 and j=24.
*i point 7.411810	149.659258	5.000000	148.660254	y
*Exact match for i=24 and j=25.
*i point 5.000000	148.660254	2.928932	147.071068	y
*Exact match for i=25 and j=26.
*i point 2.928932	147.071068	1.339746	145.000000	y
*Exact match for i=26 and j=27.
*i point 1.339746	145.000000	0.340742	142.588190	y
########### array after sorts ###########
0	0.000000	140.000000	0.000000	10.000000	y
1	0.000000	10.000000	0.340742	7.411810	y
2	0.340742	7.411810	1.339746	5.000000	y
3	1.339746	5.000000	2.928932	2.928932	y
4	2.928932	2.928932	5.000000	1.339746	y
5	5.000000	1.339746	7.411809	0.340742	y
6	7.411809	0.340742	10.000000	0.000000	y
7	10.000000	0.000000	140.000000	0.000000	y
8	140.000000	0.000000	142.588190	0.340742	y
9	142.588190	0.340742	145.000000	1.339746	y
10	145.000000	1.339746	147.071068	2.928932	y
11	147.071068	2.928932	148.660254	5.000000	y
12	148.660254	5.000000	149.659258	7.411809	y
13	149.659258	7.411809	150.000000	10.000000	y
14	150.000000	10.000000	150.000000	140.000000	y
15	150.000000	140.000000	149.659258	142.588190	y
16	149.659258	142.588190	148.660254	145.000000	y
17	148.660254	145.000000	147.071068	147.071068	y
18	147.071068	147.071068	145.000000	148.660254	y
19	145.000000	148.660254	142.588190	149.659258	y
20	142.588190	149.659258	140.000000	150.000000	y
21	140.000000	150.000000	10.000000	150.000000	y
22	10.000000	150.000000	7.411810	149.659258	y
23	7.411810	149.659258	5.000000	148.660254	y
24	5.000000	148.660254	2.928932	147.071068	y
25	2.928932	147.071068	1.339746	145.000000	y
26	1.339746	145.000000	0.340742	142.588190	y
27	0.340742	142.588190	0.000000	140.000000	y
***************
.BOARD_OUTLINE UNOWNED
1.6
0     0.000000     140.000000     0
0     0.000000     10.000000     0
0     0.340742     7.411810     0
0     1.339746     5.000000     0
0     2.928932     2.928932     0
0     5.000000     1.339746     0
0     7.411809     0.340742     0
0     10.000000     0.000000     0
0     140.000000     0.000000     0
0     142.588190     0.340742     0
0     145.000000     1.339746     0
0     147.071068     2.928932     0
0     148.660254     5.000000     0
0     149.659258     7.411809     0
0     150.000000     10.000000     0
0     150.000000     140.000000     0
0     149.659258     142.588190     0
0     148.660254     145.000000     0
0     147.071068     147.071068     0
0     145.000000     148.660254     0
0     142.588190     149.659258     0
0     140.000000     150.000000     0
0     10.000000     150.000000     0
0     7.411810     149.659258     0
0     5.000000     148.660254     0
0     2.928932     147.071068     0
0     1.339746     145.000000     0
0     0.340742     142.588190     0
0     0.000000     140.000000     0
